# JRE version: OpenJDK Runtime Environment (8.0_152-b01) (build 1.8.0_152-release-915-b01)
# Java VM: OpenJDK 64-Bit Server VM (25.152-b01 mixed mode windows-amd64 compressed oops)
Heap:
 PSYoungGen      total 301568K, used 23362K [0x00000000e0000000, 0x00000000f5c80000, 0x0000000100000000)
  eden space 255488K, 5% used [0x00000000e0000000,0x00000000e0ec77f0,0x00000000ef980000)
  from space 46080K, 17% used [0x00000000f2f80000,0x00000000f37890a0,0x00000000f5c80000)
  to   space 50688K, 0% used [0x00000000ef980000,0x00000000ef980000,0x00000000f2b00000)
 ParOldGen       total 186880K, used 125844K [0x00000000a0000000, 0x00000000ab680000, 0x00000000e0000000)
  object space 186880K, 67% used [0x00000000a0000000,0x00000000a7ae5128,0x00000000ab680000)
 Metaspace       used 83110K, capacity 88096K, committed 88192K, reserved 1126400K
  class space    used 10508K, capacity 11642K, committed 11648K, reserved 1048576K
GC Heap History (10 events):
Event: 4132.945 GC heap before
{Heap before GC invocations=36 (full 4):
 PSYoungGen      total 246272K, used 213036K [0x00000000e0000000, 0x00000000f3080000, 0x0000000100000000)
  eden space 202752K, 100% used [0x00000000e0000000,0x00000000ec600000,0x00000000ec600000)
  from space 43520K, 23% used [0x00000000ec600000,0x00000000ed00b188,0x00000000ef080000)
  to   space 41984K, 0% used [0x00000000f0780000,0x00000000f0780000,0x00000000f3080000)
 ParOldGen       total 186880K, used 109203K [0x00000000a0000000, 0x00000000ab680000, 0x00000000e0000000)
  object space 186880K, 58% used [0x00000000a0000000,0x00000000a6aa4f58,0x00000000ab680000)
 Metaspace       used 82298K, capacity 86694K, committed 86784K, reserved 1124352K
  class space    used 10419K, capacity 11443K, committed 11520K, reserved 1048576K
Event: 4132.988 GC heap after
Heap after GC invocations=36 (full 4):
 PSYoungGen      total 258560K, used 7989K [0x00000000e0000000, 0x00000000f2980000, 0x0000000100000000)
  eden space 223744K, 0% used [0x00000000e0000000,0x00000000e0000000,0x00000000eda80000)
  from space 34816K, 22% used [0x00000000f0780000,0x00000000f0f4d510,0x00000000f2980000)
  to   space 40448K, 0% used [0x00000000eda80000,0x00000000eda80000,0x00000000f0200000)
 ParOldGen       total 186880K, used 109211K [0x00000000a0000000, 0x00000000ab680000, 0x00000000e0000000)
  object space 186880K, 58% used [0x00000000a0000000,0x00000000a6aa6f58,0x00000000ab680000)
 Metaspace       used 82298K, capacity 86694K, committed 86784K, reserved 1124352K
  class space    used 10419K, capacity 11443K, committed 11520K, reserved 1048576K
}
Event: 4149.285 GC heap before
{Heap before GC invocations=37 (full 4):
 PSYoungGen      total 258560K, used 231733K [0x00000000e0000000, 0x00000000f2980000, 0x0000000100000000)
  eden space 223744K, 100% used [0x00000000e0000000,0x00000000eda80000,0x00000000eda80000)
  from space 34816K, 22% used [0x00000000f0780000,0x00000000f0f4d510,0x00000000f2980000)
  to   space 40448K, 0% used [0x00000000eda80000,0x00000000eda80000,0x00000000f0200000)
 ParOldGen       total 186880K, used 109211K [0x00000000a0000000, 0x00000000ab680000, 0x00000000e0000000)
  object space 186880K, 58% used [0x00000000a0000000,0x00000000a6aa6f58,0x00000000ab680000)
 Metaspace       used 82491K, capacity 86972K, committed 87040K, reserved 1124352K
  class space    used 10434K, capacity 11468K, committed 11520K, reserved 1048576K
Event: 4149.474 GC heap after
Heap after GC invocations=37 (full 4):
 PSYoungGen      total 264192K, used 40445K [0x00000000e0000000, 0x00000000f5500000, 0x0000000100000000)
  eden space 223744K, 0% used [0x00000000e0000000,0x00000000e0000000,0x00000000eda80000)
  from space 40448K, 99% used [0x00000000eda80000,0x00000000f01ff508,0x00000000f0200000)
  to   space 53248K, 0% used [0x00000000f2100000,0x00000000f2100000,0x00000000f5500000)
 ParOldGen       total 186880K, used 125013K [0x00000000a0000000, 0x00000000ab680000, 0x00000000e0000000)
  object space 186880K, 66% used [0x00000000a0000000,0x00000000a7a157e8,0x00000000ab680000)
 Metaspace       used 82491K, capacity 86972K, committed 87040K, reserved 1124352K
  class space    used 10434K, capacity 11468K, committed 11520K, reserved 1048576K
}
Event: 4155.076 GC heap before
{Heap before GC invocations=38 (full 4):
 PSYoungGen      total 264192K, used 256890K [0x00000000e0000000, 0x00000000f5500000, 0x0000000100000000)
  eden space 223744K, 96% used [0x00000000e0000000,0x00000000ed35f610,0x00000000eda80000)
  from space 40448K, 99% used [0x00000000eda80000,0x00000000f01ff508,0x00000000f0200000)
  to   space 53248K, 0% used [0x00000000f2100000,0x00000000f2100000,0x00000000f5500000)
 ParOldGen       total 186880K, used 125013K [0x00000000a0000000, 0x00000000ab680000, 0x00000000e0000000)
  object space 186880K, 66% used [0x00000000a0000000,0x00000000a7a157e8,0x00000000ab680000)
 Metaspace       used 82495K, capacity 86972K, committed 87040K, reserved 1124352K
  class space    used 10434K, capacity 11468K, committed 11520K, reserved 1048576K
Event: 4155.138 GC heap after
Heap after GC invocations=38 (full 4):
 PSYoungGen      total 294912K, used 28798K [0x00000000e0000000, 0x00000000f5480000, 0x0000000100000000)
  eden space 242176K, 0% used [0x00000000e0000000,0x00000000e0000000,0x00000000eec80000)
  from space 52736K, 54% used [0x00000000f2100000,0x00000000f3d1f9b0,0x00000000f5480000)
  to   space 53248K, 0% used [0x00000000eec80000,0x00000000eec80000,0x00000000f2080000)
 ParOldGen       total 186880K, used 125828K [0x00000000a0000000, 0x00000000ab680000, 0x00000000e0000000)
  object space 186880K, 67% used [0x00000000a0000000,0x00000000a7ae1128,0x00000000ab680000)
 Metaspace       used 82495K, capacity 86972K, committed 87040K, reserved 1124352K
  class space    used 10434K, capacity 11468K, committed 11520K, reserved 1048576K
}
Event: 4350.155 GC heap before
{Heap before GC invocations=39 (full 4):
 PSYoungGen      total 294912K, used 270974K [0x00000000e0000000, 0x00000000f5480000, 0x0000000100000000)
  eden space 242176K, 100% used [0x00000000e0000000,0x00000000eec80000,0x00000000eec80000)
  from space 52736K, 54% used [0x00000000f2100000,0x00000000f3d1f9b0,0x00000000f5480000)
  to   space 53248K, 0% used [0x00000000eec80000,0x00000000eec80000,0x00000000f2080000)
 ParOldGen       total 186880K, used 125828K [0x00000000a0000000, 0x00000000ab680000, 0x00000000e0000000)
  object space 186880K, 67% used [0x00000000a0000000,0x00000000a7ae1128,0x00000000ab680000)
 Metaspace       used 82798K, capacity 87500K, committed 87680K, reserved 1126400K
  class space    used 10466K, capacity 11544K, committed 11648K, reserved 1048576K
Event: 4350.183 GC heap after
Heap after GC invocations=39 (full 4):
 PSYoungGen      total 295424K, used 9402K [0x00000000e0000000, 0x00000000f6280000, 0x0000000100000000)
  eden space 242176K, 0% used [0x00000000e0000000,0x00000000e0000000,0x00000000eec80000)
  from space 53248K, 17% used [0x00000000eec80000,0x00000000ef5aea80,0x00000000f2080000)
  to   space 52224K, 0% used [0x00000000f2f80000,0x00000000f2f80000,0x00000000f6280000)
 ParOldGen       total 186880K, used 125836K [0x00000000a0000000, 0x00000000ab680000, 0x00000000e0000000)
  object space 186880K, 67% used [0x00000000a0000000,0x00000000a7ae3128,0x00000000ab680000)
 Metaspace       used 82798K, capacity 87500K, committed 87680K, reserved 1126400K
  class space    used 10466K, capacity 11544K, committed 11648K, reserved 1048576K
}
Event: 4500.015 GC heap before
{Heap before GC invocations=40 (full 4):
 PSYoungGen      total 295424K, used 251578K [0x00000000e0000000, 0x00000000f6280000, 0x0000000100000000)
  eden space 242176K, 100% used [0x00000000e0000000,0x00000000eec80000,0x00000000eec80000)
  from space 53248K, 17% used [0x00000000eec80000,0x00000000ef5aea80,0x00000000f2080000)
  to   space 52224K, 0% used [0x00000000f2f80000,0x00000000f2f80000,0x00000000f6280000)
 ParOldGen       total 186880K, used 125836K [0x00000000a0000000, 0x00000000ab680000, 0x00000000e0000000)
  object space 186880K, 67% used [0x00000000a0000000,0x00000000a7ae3128,0x00000000ab680000)
 Metaspace       used 83096K, capacity 88032K, committed 88192K, reserved 1126400K
  class space    used 10508K, capacity 11642K, committed 11648K, reserved 1048576K
Event: 4500.045 GC heap after
Heap after GC invocations=40 (full 4):
 PSYoungGen      total 301568K, used 8228K [0x00000000e0000000, 0x00000000f5c80000, 0x0000000100000000)
  eden space 255488K, 0% used [0x00000000e0000000,0x00000000e0000000,0x00000000ef980000)
  from space 46080K, 17% used [0x00000000f2f80000,0x00000000f37890a0,0x00000000f5c80000)
  to   space 50688K, 0% used [0x00000000ef980000,0x00000000ef980000,0x00000000f2b00000)
 ParOldGen       total 186880K, used 125844K [0x00000000a0000000, 0x00000000ab680000, 0x00000000e0000000)
  object space 186880K, 67% used [0x00000000a0000000,0x00000000a7ae5128,0x00000000ab680000)
 Metaspace       used 83096K, capacity 88032K, committed 88192K, reserved 1126400K
  class space    used 10508K, capacity 11642K, committed 11648K, reserved 1048576K
}

